<?xml version="1.0" encoding="UTF-8"?>
<!-- Generated by org.testng.reporters.JUnitReportReporter -->
<testsuite hostname="LAPTOP-EBJCUPO7" name="tests.SubHeaderFlights" tests="4" failures="0" timestamp="23 May 2019 02:34:07 GMT" time="2.677" errors="0">
  <testcase name="onwy" time="0.184" classname="tests.SubHeaderFlights"/>
  <testcase name="flights" time="1.880" classname="tests.SubHeaderFlights"/>
  <testcase name="rTrip" time="0.152" classname="tests.SubHeaderFlights"/>
  <testcase name="mltCities" time="0.461" classname="tests.SubHeaderFlights"/>
</testsuite> <!-- tests.SubHeaderFlights -->
